<?xml version="1.0" encoding="UTF-8"?>
<testng-results skipped="1" failed="0" ignored="0" total="1" passed="0">
  <reporter-output>
    <line>
      <![CDATA[<div "featureFile">Feature File: GIA&#x2F;SmokeFeatureFiles&#x2F;3.1_AssessmentCanvasSmoke.feature</div>]]>
    </line>
    <line>
      <![CDATA[<div "feature">Feature: 3.1. Assessment Builder &#x27;Canvas&#x27; Smoke</div>]]>
    </line>
    <line>
      <![CDATA[<div "scenario">Scenario: Login And Navigate to CLA Page</div>]]>
    </line>
    <line>
      <![CDATA[[INFO]: The test Browser is MOBILE !!!]]>
    </line>
    <line>
      <![CDATA[<div "result">Given  I Login As &quot;Instructor&quot; (failed : 0s)</div>]]>
    </line>
    <line>
      <![CDATA[<div "result">When  I Launch Activity List (skipped)</div>]]>
    </line>
    <line>
      <![CDATA[<div "result">And  I Launch AB Assessment (skipped)</div>]]>
    </line>
    <line>
      <![CDATA[<div "result">Then  I Am On CLA Canvas Page (skipped)</div>]]>
    </line>
    <line>
      <![CDATA[********************************************************]]>
    </line>
    <line>
      <![CDATA[Scenario Result: failed]]>
    </line>
    <line>
      <![CDATA[********************************************************]]>
    </line>
    <line>
      <![CDATA[<div "scenario">Scenario: Verify AB Canvas page is launched</div>]]>
    </line>
    <line>
      <![CDATA[<div "result">Given  I Am On CLA Canvas Page (failed : 0s)</div>]]>
    </line>
    <line>
      <![CDATA[<div "result">When  I Select Web Component &quot;Assessments&quot; (skipped)</div>]]>
    </line>
    <line>
      <![CDATA[<div "result">Then  I Wait for Content To Load On Component Page (skipped)</div>]]>
    </line>
    <line>
      <![CDATA[<div "result">When  I Select Button &quot;Create New Assessment&quot; (skipped)</div>]]>
    </line>
    <line>
      <![CDATA[<div "result">Then  I Verify Empty Canvas Page Is Displayed (skipped)</div>]]>
    </line>
    <line>
      <![CDATA[********************************************************]]>
    </line>
    <line>
      <![CDATA[Scenario Result: failed]]>
    </line>
    <line>
      <![CDATA[********************************************************]]>
    </line>
  </reporter-output>
  <suite name="Default suite" duration-ms="1212" started-at="2017-12-08T11:39:08Z" finished-at="2017-12-08T11:39:09Z">
    <groups>
      <group name="cucumber">
        <method signature="AbstractTestNGCucumberTests.run_cukes()[pri:0, instance:com.cengage.gia.CLA.stepdefs.Z_RunnerTest@4f970963]" name="run_cukes" class="cucumber.api.testng.AbstractTestNGCucumberTests"/>
      </group> <!-- cucumber -->
    </groups>
    <test name="Default test" duration-ms="1212" started-at="2017-12-08T11:39:08Z" finished-at="2017-12-08T11:39:09Z">
      <class name="com.cengage.gia.CLA.stepdefs.Z_RunnerTest">
        <test-method status="SKIP" signature="run_cukes()[pri:0, instance:com.cengage.gia.CLA.stepdefs.Z_RunnerTest@4f970963]" name="run_cukes" duration-ms="1140" started-at="2017-12-08T17:09:08Z" description="Runs Cucumber Features" finished-at="2017-12-08T17:09:09Z">
          <exception class="cucumber.runtime.CucumberException">
            <message>
              <![CDATA[java.lang.NullPointerException]]>
            </message>
            <full-stacktrace>
              <![CDATA[cucumber.runtime.CucumberException: java.lang.NullPointerException
	at cucumber.api.testng.TestNGCucumberRunner.runCukes(TestNGCucumberRunner.java:48)
	at cucumber.api.testng.AbstractTestNGCucumberTests.run_cukes(AbstractTestNGCucumberTests.java:14)
	at sun.reflect.NativeMethodAccessorImpl.invoke0(Native Method)
	at sun.reflect.NativeMethodAccessorImpl.invoke(Unknown Source)
	at sun.reflect.DelegatingMethodAccessorImpl.invoke(Unknown Source)
	at java.lang.reflect.Method.invoke(Unknown Source)
	at org.testng.internal.MethodInvocationHelper.invokeMethod(MethodInvocationHelper.java:108)
	at org.testng.internal.MethodInvocationHelper$1.runTestMethod(MethodInvocationHelper.java:209)
	at cucumber.api.testng.AbstractTestNGCucumberTests.run(AbstractTestNGCucumberTests.java:19)
	at org.testng.internal.MethodInvocationHelper.invokeHookable(MethodInvocationHelper.java:221)
	at org.testng.internal.Invoker.invokeMethod(Invoker.java:657)
	at org.testng.internal.Invoker.invokeTestMethod(Invoker.java:869)
	at org.testng.internal.Invoker.invokeTestMethods(Invoker.java:1193)
	at org.testng.internal.TestMethodWorker.invokeTestMethods(TestMethodWorker.java:126)
	at org.testng.internal.TestMethodWorker.run(TestMethodWorker.java:109)
	at org.testng.TestRunner.privateRun(TestRunner.java:744)
	at org.testng.TestRunner.run(TestRunner.java:602)
	at org.testng.SuiteRunner.runTest(SuiteRunner.java:380)
	at org.testng.SuiteRunner.runSequentially(SuiteRunner.java:375)
	at org.testng.SuiteRunner.privateRun(SuiteRunner.java:340)
	at org.testng.SuiteRunner.run(SuiteRunner.java:289)
	at org.testng.SuiteRunnerWorker.runSuite(SuiteRunnerWorker.java:52)
	at org.testng.SuiteRunnerWorker.run(SuiteRunnerWorker.java:86)
	at org.testng.TestNG.runSuitesSequentially(TestNG.java:1301)
	at org.testng.TestNG.runSuitesLocally(TestNG.java:1226)
	at org.testng.TestNG.runSuites(TestNG.java:1144)
	at org.testng.TestNG.run(TestNG.java:1115)
	at org.testng.remote.AbstractRemoteTestNG.run(AbstractRemoteTestNG.java:132)
	at org.testng.remote.RemoteTestNG.initAndRun(RemoteTestNG.java:230)
	at org.testng.remote.RemoteTestNG.main(RemoteTestNG.java:76)
Caused by: java.lang.NullPointerException
	at com.qait.automation.TestInitiator.WebDriverFactory.setRemoteDriver(WebDriverFactory.java:95)
	at com.qait.automation.TestInitiator.WebDriverFactory.getDriver(WebDriverFactory.java:66)
	at com.qait.automation.TestInitiator.TestSessionInitiator._configureBrowser(TestSessionInitiator.java:106)
	at com.qait.automation.TestInitiator.TestSessionInitiator.testInitiator(TestSessionInitiator.java:100)
	at com.qait.automation.TestInitiator.TestSessionInitiator.<init>(TestSessionInitiator.java:95)
	at com.cengage.gia.CLA.stepdefs.A_Base_TestStepDef.launchCourseViaAPI(A_Base_TestStepDef.java:24)
	at ✽.Given I Login As "Instructor"(GIA/SmokeFeatureFiles/3.1_AssessmentCanvasSmoke.feature:5)
]]>
            </full-stacktrace>
          </exception> <!-- cucumber.runtime.CucumberException -->
          <reporter-output>
            <line>
              <![CDATA[<div "featureFile">Feature File: GIA&#x2F;SmokeFeatureFiles&#x2F;3.1_AssessmentCanvasSmoke.feature</div>]]>
            </line>
            <line>
              <![CDATA[<div "feature">Feature: 3.1. Assessment Builder &#x27;Canvas&#x27; Smoke</div>]]>
            </line>
            <line>
              <![CDATA[<div "scenario">Scenario: Login And Navigate to CLA Page</div>]]>
            </line>
            <line>
              <![CDATA[[INFO]: The test Browser is MOBILE !!!]]>
            </line>
            <line>
              <![CDATA[<div "result">Given  I Login As &quot;Instructor&quot; (failed : 0s)</div>]]>
            </line>
            <line>
              <![CDATA[<div "result">When  I Launch Activity List (skipped)</div>]]>
            </line>
            <line>
              <![CDATA[<div "result">And  I Launch AB Assessment (skipped)</div>]]>
            </line>
            <line>
              <![CDATA[<div "result">Then  I Am On CLA Canvas Page (skipped)</div>]]>
            </line>
            <line>
              <![CDATA[********************************************************]]>
            </line>
            <line>
              <![CDATA[Scenario Result: failed]]>
            </line>
            <line>
              <![CDATA[********************************************************]]>
            </line>
            <line>
              <![CDATA[<div "scenario">Scenario: Verify AB Canvas page is launched</div>]]>
            </line>
            <line>
              <![CDATA[<div "result">Given  I Am On CLA Canvas Page (failed : 0s)</div>]]>
            </line>
            <line>
              <![CDATA[<div "result">When  I Select Web Component &quot;Assessments&quot; (skipped)</div>]]>
            </line>
            <line>
              <![CDATA[<div "result">Then  I Wait for Content To Load On Component Page (skipped)</div>]]>
            </line>
            <line>
              <![CDATA[<div "result">When  I Select Button &quot;Create New Assessment&quot; (skipped)</div>]]>
            </line>
            <line>
              <![CDATA[<div "result">Then  I Verify Empty Canvas Page Is Displayed (skipped)</div>]]>
            </line>
            <line>
              <![CDATA[********************************************************]]>
            </line>
            <line>
              <![CDATA[Scenario Result: failed]]>
            </line>
            <line>
              <![CDATA[********************************************************]]>
            </line>
          </reporter-output>
        </test-method> <!-- run_cukes -->
        <test-method status="FAIL" signature="closeTestSession()[pri:0, instance:com.cengage.gia.CLA.stepdefs.Z_RunnerTest@4f970963]" name="closeTestSession" is-config="true" duration-ms="0" started-at="2017-12-08T17:09:09Z" finished-at="2017-12-08T17:09:09Z">
          <exception class="java.lang.NullPointerException">
            <full-stacktrace>
              <![CDATA[java.lang.NullPointerException
	at com.cengage.gia.CLA.stepdefs.Z_RunnerTest.closeTestSession(Z_RunnerTest.java:36)
	at sun.reflect.NativeMethodAccessorImpl.invoke0(Native Method)
	at sun.reflect.NativeMethodAccessorImpl.invoke(Unknown Source)
	at sun.reflect.DelegatingMethodAccessorImpl.invoke(Unknown Source)
	at java.lang.reflect.Method.invoke(Unknown Source)
	at org.testng.internal.MethodInvocationHelper.invokeMethod(MethodInvocationHelper.java:108)
	at org.testng.internal.Invoker.invokeConfigurationMethod(Invoker.java:523)
	at org.testng.internal.Invoker.invokeConfigurations(Invoker.java:224)
	at org.testng.internal.Invoker.invokeConfigurations(Invoker.java:146)
	at org.testng.internal.TestMethodWorker.invokeAfterClassMethods(TestMethodWorker.java:212)
	at org.testng.internal.TestMethodWorker.run(TestMethodWorker.java:112)
	at org.testng.TestRunner.privateRun(TestRunner.java:744)
	at org.testng.TestRunner.run(TestRunner.java:602)
	at org.testng.SuiteRunner.runTest(SuiteRunner.java:380)
	at org.testng.SuiteRunner.runSequentially(SuiteRunner.java:375)
	at org.testng.SuiteRunner.privateRun(SuiteRunner.java:340)
	at org.testng.SuiteRunner.run(SuiteRunner.java:289)
	at org.testng.SuiteRunnerWorker.runSuite(SuiteRunnerWorker.java:52)
	at org.testng.SuiteRunnerWorker.run(SuiteRunnerWorker.java:86)
	at org.testng.TestNG.runSuitesSequentially(TestNG.java:1301)
	at org.testng.TestNG.runSuitesLocally(TestNG.java:1226)
	at org.testng.TestNG.runSuites(TestNG.java:1144)
	at org.testng.TestNG.run(TestNG.java:1115)
	at org.testng.remote.AbstractRemoteTestNG.run(AbstractRemoteTestNG.java:132)
	at org.testng.remote.RemoteTestNG.initAndRun(RemoteTestNG.java:230)
	at org.testng.remote.RemoteTestNG.main(RemoteTestNG.java:76)
]]>
            </full-stacktrace>
          </exception> <!-- java.lang.NullPointerException -->
          <reporter-output>
          </reporter-output>
        </test-method> <!-- closeTestSession -->
      </class> <!-- com.cengage.gia.CLA.stepdefs.Z_RunnerTest -->
    </test> <!-- Default test -->
  </suite> <!-- Default suite -->
</testng-results>
